{"/Users/mgoth/extensions/Time Tracker/src/utils/i18n.ts": {"path":"/Users/mgoth/extensions/Time Tracker/src/utils/i18n.ts","statementMap":{"0":{"start":{"line":12,"column":32},"end":{"line":12,"column":null}},"1":{"start":{"line":13,"column":40},"end":{"line":13,"column":null}},"2":{"start":{"line":20,"column":4},"end":{"line":20,"column":null}},"3":{"start":{"line":24,"column":4},"end":{"line":34,"column":null}},"4":{"start":{"line":25,"column":8},"end":{"line":29,"column":null}},"5":{"start":{"line":26,"column":12},"end":{"line":26,"column":null}},"6":{"start":{"line":28,"column":12},"end":{"line":28,"column":null}},"7":{"start":{"line":31,"column":8},"end":{"line":31,"column":null}},"8":{"start":{"line":33,"column":8},"end":{"line":33,"column":null}},"9":{"start":{"line":42,"column":24},"end":{"line":42,"column":null}},"10":{"start":{"line":45,"column":4},"end":{"line":47,"column":null}},"11":{"start":{"line":46,"column":8},"end":{"line":46,"column":null}},"12":{"start":{"line":50,"column":4},"end":{"line":50,"column":null}},"13":{"start":{"line":59,"column":4},"end":{"line":62,"column":null}},"14":{"start":{"line":60,"column":8},"end":{"line":60,"column":null}},"15":{"start":{"line":61,"column":8},"end":{"line":61,"column":null}},"16":{"start":{"line":64,"column":24},"end":{"line":64,"column":null}},"17":{"start":{"line":66,"column":4},"end":{"line":69,"column":null}},"18":{"start":{"line":67,"column":8},"end":{"line":67,"column":null}},"19":{"start":{"line":68,"column":8},"end":{"line":68,"column":null}},"20":{"start":{"line":71,"column":4},"end":{"line":71,"column":null}},"21":{"start":{"line":79,"column":4},"end":{"line":79,"column":null}},"22":{"start":{"line":87,"column":4},"end":{"line":87,"column":null}}},"fnMap":{"0":{"name":"initI18n","decl":{"start":{"line":19,"column":22},"end":{"line":19,"column":31}},"loc":{"start":{"line":19,"column":66},"end":{"line":35,"column":null}}},"1":{"name":"detectBrowserLanguage","decl":{"start":{"line":41,"column":16},"end":{"line":41,"column":50}},"loc":{"start":{"line":41,"column":50},"end":{"line":51,"column":null}}},"2":{"name":"t","decl":{"start":{"line":58,"column":16},"end":{"line":58,"column":18}},"loc":{"start":{"line":58,"column":39},"end":{"line":72,"column":null}}},"3":{"name":"getCurrentLanguage","decl":{"start":{"line":78,"column":16},"end":{"line":78,"column":47}},"loc":{"start":{"line":78,"column":47},"end":{"line":80,"column":null}}},"4":{"name":"changeLanguage","decl":{"start":{"line":86,"column":22},"end":{"line":86,"column":37}},"loc":{"start":{"line":86,"column":72},"end":{"line":88,"column":null}}}},"branchMap":{"0":{"loc":{"start":{"line":25,"column":8},"end":{"line":29,"column":null}},"type":"if","locations":[{"start":{"line":25,"column":8},"end":{"line":29,"column":null}},{"start":{"line":27,"column":15},"end":{"line":29,"column":null}}]},"1":{"loc":{"start":{"line":45,"column":4},"end":{"line":47,"column":null}},"type":"if","locations":[{"start":{"line":45,"column":4},"end":{"line":47,"column":null}},{"start":{},"end":{}}]},"2":{"loc":{"start":{"line":59,"column":4},"end":{"line":62,"column":null}},"type":"if","locations":[{"start":{"line":59,"column":4},"end":{"line":62,"column":null}},{"start":{},"end":{}}]},"3":{"loc":{"start":{"line":66,"column":4},"end":{"line":69,"column":null}},"type":"if","locations":[{"start":{"line":66,"column":4},"end":{"line":69,"column":null}},{"start":{},"end":{}}]}},"s":{"0":1,"1":1,"2":2,"3":2,"4":2,"5":0,"6":2,"7":0,"8":0,"9":3,"10":3,"11":1,"12":2,"13":3,"14":2,"15":2,"16":1,"17":1,"18":0,"19":0,"20":1,"21":0,"22":0},"f":{"0":2,"1":3,"2":3,"3":0,"4":0},"b":{"0":[0,2],"1":[1,2],"2":[2,1],"3":[0,1]}}
}
